0 info it worked if it ends with ok
1 verbose cli [ 'D:\\AngularJS1\\NodeJS\\node.exe',
1 verbose cli   'D:\\AngularJS1\\NodeJS\\node_modules\\npm\\bin\\npm-cli.js',
1 verbose cli   'run',
1 verbose cli   'electron' ]
2 info using npm@3.10.10
3 info using node@v6.11.3
4 verbose run-script [ 'preelectron', 'electron', 'postelectron' ]
5 info lifecycle timer@1.0.0~preelectron: timer@1.0.0
6 silly lifecycle timer@1.0.0~preelectron: no script for preelectron, continuing
7 info lifecycle timer@1.0.0~electron: timer@1.0.0
8 verbose lifecycle timer@1.0.0~electron: unsafe-perm in lifecycle true
9 verbose lifecycle timer@1.0.0~electron: PATH: D:\AngularJS1\NodeJS\node_modules\npm\bin\node-gyp-bin;D:\Electron\ElectronCode\boilerplates\tasky\node_modules\.bin;d:\ffmpeg\bin;C:\Program Files\PHP\v7.0;C:\WINDOWS\system32;C:\WINDOWS;C:\WINDOWS\system32\wbem;C:\ProgramData\Oracle\Java\javapath;C:\Program Files (x86)\NVIDIA Corporation\PhysX\Common;C:\Program Files\Common Files\Microsoft Shared\Windows Live;C:\Program Files (x86)\Common Files\Microsoft Shared\Windows Live;C:\WINDOWS\System32\WindowsPowerShell\v1.0;C:\Program Files\Internet Explorer;C:\Program Files (x86)\Universal Extractor;C:\Program Files (x86)\Universal Extractor\bin;C:\Ages of Empire III\Universal Extractor;C:\Ages of Empire III\Universal Extractor\bin;C:\Program Files (x86)\Windows Live\Shared;C:\Program Files (x86)\Skype\Phone;C:\WINDOWS\System32\Wbem;C:\WINDOWS\System32\WindowsPowerShell\v1.0\;C:\Program Files\Java\jdk1.8.0_91\bin;C:\Program Files\Java\jdk1.8.0_91\db\bin;C:\Program Files (x86)\Skype\Phone\;D:\MathLab\bin;D:\My Private Network-VPN\OpenVPN\bin;D:\AngularJS1\NodeJS\;D:\AngularJS1\Git\cmd;D:\Anaconda IDE\Anaconda3;D:\Anaconda IDE\Anaconda3\Scripts;D:\Anaconda IDE\Anaconda3\Library\bi;D:\composer;C:\WINDOWS\system32;C:\WINDOWS;C:\WINDOWS\System32\Wbem;C:\WINDOWS\System32\WindowsPowerShell\v1.0\;D:\Anaconda IDE\Anaconda3;D:\Anaconda IDE\Anaconda3\Scripts;D:\Anaconda IDE\Anaconda3\Library\bin;C:\Users\User\AppData\Local\Microsoft\WindowsApps;C:\Users\User\AppData\Roaming\npm;C:\Program Files\Microsoft VS Code\bin;C:\Users\User\AppData\Roaming\Composer\vendor\bin;
10 verbose lifecycle timer@1.0.0~electron: CWD: D:\Electron\ElectronCode\boilerplates\tasky
11 silly lifecycle timer@1.0.0~electron: Args: [ '/d /s /c', 'electron .' ]
12 silly lifecycle timer@1.0.0~electron: Returned: code: 3221225786  signal: null
13 info lifecycle timer@1.0.0~electron: Failed to exec electron script
14 verbose stack Error: timer@1.0.0 electron: `electron .`
14 verbose stack Exit status 3221225786
14 verbose stack     at EventEmitter.<anonymous> (D:\AngularJS1\NodeJS\node_modules\npm\lib\utils\lifecycle.js:255:16)
14 verbose stack     at emitTwo (events.js:106:13)
14 verbose stack     at EventEmitter.emit (events.js:191:7)
14 verbose stack     at ChildProcess.<anonymous> (D:\AngularJS1\NodeJS\node_modules\npm\lib\utils\spawn.js:40:14)
14 verbose stack     at emitTwo (events.js:106:13)
14 verbose stack     at ChildProcess.emit (events.js:191:7)
14 verbose stack     at maybeClose (internal/child_process.js:920:16)
14 verbose stack     at Process.ChildProcess._handle.onexit (internal/child_process.js:230:5)
15 verbose pkgid timer@1.0.0
16 verbose cwd D:\Electron\ElectronCode\boilerplates\tasky
17 error Windows_NT 10.0.16299
18 error argv "D:\\AngularJS1\\NodeJS\\node.exe" "D:\\AngularJS1\\NodeJS\\node_modules\\npm\\bin\\npm-cli.js" "run" "electron"
19 error node v6.11.3
20 error npm  v3.10.10
21 error code ELIFECYCLE
22 error timer@1.0.0 electron: `electron .`
22 error Exit status 3221225786
23 error Failed at the timer@1.0.0 electron script 'electron .'.
23 error Make sure you have the latest version of node.js and npm installed.
23 error If you do, this is most likely a problem with the timer package,
23 error not with npm itself.
23 error Tell the author that this fails on your system:
23 error     electron .
23 error You can get information on how to open an issue for this project with:
23 error     npm bugs timer
23 error Or if that isn't available, you can get their info via:
23 error     npm owner ls timer
23 error There is likely additional logging output above.
24 verbose exit [ 1, true ]
